{"/Users/rockdai/code/MiniNote/proxy/content.js":{"path":"/Users/rockdai/code/MiniNote/proxy/content.js","s":{"1":1,"2":1,"3":1,"4":1,"5":4,"6":4,"7":4,"8":1,"9":3,"10":1,"11":3},"b":{"1":[1,3]},"f":{"1":4,"2":4,"3":3},"fnMap":{"1":{"name":"(anonymous_1)","line":15,"loc":{"start":{"line":15,"column":17},"end":{"line":15,"column":46}}},"2":{"name":"(anonymous_2)","line":22,"loc":{"start":{"line":22,"column":5},"end":{"line":22,"column":26}}},"3":{"name":"(anonymous_3)","line":30,"loc":{"start":{"line":30,"column":14},"end":{"line":30,"column":45}}}},"statementMap":{"1":{"start":{"line":10,"column":0},"end":{"line":10,"column":31}},"2":{"start":{"line":11,"column":0},"end":{"line":11,"column":35}},"3":{"start":{"line":13,"column":0},"end":{"line":13,"column":24}},"4":{"start":{"line":15,"column":0},"end":{"line":28,"column":2}},"5":{"start":{"line":16,"column":2},"end":{"line":16,"column":31}},"6":{"start":{"line":17,"column":2},"end":{"line":27,"column":5}},"7":{"start":{"line":23,"column":4},"end":{"line":25,"column":5}},"8":{"start":{"line":24,"column":6},"end":{"line":24,"column":27}},"9":{"start":{"line":26,"column":4},"end":{"line":26,"column":37}},"10":{"start":{"line":30,"column":0},"end":{"line":36,"column":2}},"11":{"start":{"line":31,"column":2},"end":{"line":35,"column":15}}},"branchMap":{"1":{"line":23,"type":"if","locations":[{"start":{"line":23,"column":4},"end":{"line":23,"column":4}},{"start":{"line":23,"column":4},"end":{"line":23,"column":4}}]}}},"/Users/rockdai/code/MiniNote/common/oss.js":{"path":"/Users/rockdai/code/MiniNote/common/oss.js","s":{"1":1,"2":1,"3":1},"b":{},"f":{},"fnMap":{},"statementMap":{"1":{"start":{"line":10,"column":0},"end":{"line":10,"column":32}},"2":{"start":{"line":11,"column":0},"end":{"line":11,"column":34}},"3":{"start":{"line":13,"column":0},"end":{"line":13,"column":47}}},"branchMap":{}},"/Users/rockdai/code/MiniNote/config/index.js":{"path":"/Users/rockdai/code/MiniNote/config/index.js","s":{"1":1,"2":1,"3":1,"4":1,"5":1,"6":1,"7":1,"8":1,"9":1,"10":1,"11":1,"12":1},"b":{"1":[1,0]},"f":{},"fnMap":{},"statementMap":{"1":{"start":{"line":11,"column":0},"end":{"line":11,"column":27}},"2":{"start":{"line":12,"column":0},"end":{"line":12,"column":23}},"3":{"start":{"line":13,"column":0},"end":{"line":13,"column":31}},"4":{"start":{"line":14,"column":0},"end":{"line":14,"column":30}},"5":{"start":{"line":16,"column":0},"end":{"line":16,"column":49}},"6":{"start":{"line":18,"column":0},"end":{"line":18,"column":35}},"7":{"start":{"line":20,"column":0},"end":{"line":32,"column":2}},"8":{"start":{"line":34,"column":0},"end":{"line":34,"column":55}},"9":{"start":{"line":35,"column":0},"end":{"line":37,"column":1}},"10":{"start":{"line":36,"column":2},"end":{"line":36,"column":47}},"11":{"start":{"line":39,"column":0},"end":{"line":39,"column":27}},"12":{"start":{"line":41,"column":0},"end":{"line":41,"column":24}}},"branchMap":{"1":{"line":35,"type":"if","locations":[{"start":{"line":35,"column":0},"end":{"line":35,"column":0}},{"start":{"line":35,"column":0},"end":{"line":35,"column":0}}]}}},"/Users/rockdai/code/MiniNote/config/config.js":{"path":"/Users/rockdai/code/MiniNote/config/config.js","s":{"1":1,"2":1},"b":{},"f":{},"fnMap":{},"statementMap":{"1":{"start":{"line":11,"column":0},"end":{"line":16,"column":2}},"2":{"start":{"line":18,"column":0},"end":{"line":18,"column":24}}},"branchMap":{}},"/Users/rockdai/code/MiniNote/app.js":{"path":"/Users/rockdai/code/MiniNote/app.js","s":{"1":1,"2":1,"3":1,"4":1,"5":1,"6":1,"7":1,"8":1,"9":1,"10":1,"11":1,"12":1,"13":1,"14":1,"15":1,"16":1,"17":1,"18":1,"19":1,"20":1,"21":1,"22":1,"23":1,"24":1,"25":1,"26":1,"27":1,"28":1,"29":1,"30":2,"31":2,"32":2,"33":1,"34":0,"35":1},"b":{"1":[2,2]},"f":{"1":2,"2":0},"fnMap":{"1":{"name":"(anonymous_1)","line":54,"loc":{"start":{"line":54,"column":8},"end":{"line":54,"column":39}}},"2":{"name":"(anonymous_2)","line":63,"loc":{"start":{"line":63,"column":8},"end":{"line":63,"column":34}}}},"statementMap":{"1":{"start":{"line":10,"column":0},"end":{"line":10,"column":27}},"2":{"start":{"line":11,"column":0},"end":{"line":11,"column":27}},"3":{"start":{"line":12,"column":0},"end":{"line":12,"column":33}},"4":{"start":{"line":13,"column":0},"end":{"line":13,"column":30}},"5":{"start":{"line":14,"column":0},"end":{"line":14,"column":40}},"6":{"start":{"line":15,"column":0},"end":{"line":15,"column":48}},"7":{"start":{"line":16,"column":0},"end":{"line":16,"column":42}},"8":{"start":{"line":17,"column":0},"end":{"line":17,"column":23}},"9":{"start":{"line":18,"column":0},"end":{"line":18,"column":25}},"10":{"start":{"line":19,"column":0},"end":{"line":19,"column":43}},"11":{"start":{"line":21,"column":0},"end":{"line":21,"column":33}},"12":{"start":{"line":22,"column":0},"end":{"line":22,"column":33}},"13":{"start":{"line":24,"column":0},"end":{"line":24,"column":24}},"14":{"start":{"line":26,"column":0},"end":{"line":26,"column":20}},"15":{"start":{"line":28,"column":0},"end":{"line":28,"column":31}},"16":{"start":{"line":30,"column":0},"end":{"line":30,"column":26}},"17":{"start":{"line":31,"column":0},"end":{"line":31,"column":43}},"18":{"start":{"line":32,"column":0},"end":{"line":32,"column":51}},"19":{"start":{"line":34,"column":0},"end":{"line":34,"column":36}},"20":{"start":{"line":35,"column":0},"end":{"line":35,"column":16}},"21":{"start":{"line":36,"column":0},"end":{"line":36,"column":17}},"22":{"start":{"line":37,"column":0},"end":{"line":37,"column":35}},"23":{"start":{"line":38,"column":0},"end":{"line":38,"column":46}},"24":{"start":{"line":39,"column":0},"end":{"line":39,"column":31}},"25":{"start":{"line":41,"column":0},"end":{"line":41,"column":39}},"26":{"start":{"line":42,"column":0},"end":{"line":42,"column":20}},"27":{"start":{"line":44,"column":0},"end":{"line":44,"column":62}},"28":{"start":{"line":49,"column":0},"end":{"line":49,"column":24}},"29":{"start":{"line":54,"column":0},"end":{"line":58,"column":3}},"30":{"start":{"line":55,"column":2},"end":{"line":55,"column":31}},"31":{"start":{"line":56,"column":2},"end":{"line":56,"column":25}},"32":{"start":{"line":57,"column":2},"end":{"line":57,"column":24}},"33":{"start":{"line":63,"column":0},"end":{"line":65,"column":3}},"34":{"start":{"line":64,"column":2},"end":{"line":64,"column":24}},"35":{"start":{"line":67,"column":0},"end":{"line":67,"column":40}}},"branchMap":{"1":{"line":55,"type":"binary-expr","locations":[{"start":{"line":55,"column":12},"end":{"line":55,"column":19}},{"start":{"line":55,"column":23},"end":{"line":55,"column":30}}]}}},"/Users/rockdai/code/MiniNote/routes.js":{"path":"/Users/rockdai/code/MiniNote/routes.js","s":{"1":1,"2":1,"3":1,"4":1,"5":1,"6":1},"b":{},"f":{"1":1},"fnMap":{"1":{"name":"(anonymous_1)","line":13,"loc":{"start":{"line":13,"column":17},"end":{"line":13,"column":35}}}},"statementMap":{"1":{"start":{"line":10,"column":0},"end":{"line":10,"column":43}},"2":{"start":{"line":11,"column":0},"end":{"line":11,"column":47}},"3":{"start":{"line":13,"column":0},"end":{"line":19,"column":2}},"4":{"start":{"line":15,"column":2},"end":{"line":15,"column":35}},"5":{"start":{"line":16,"column":2},"end":{"line":16,"column":42}},"6":{"start":{"line":18,"column":2},"end":{"line":18,"column":16}}},"branchMap":{}},"/Users/rockdai/code/MiniNote/controllers/pages.js":{"path":"/Users/rockdai/code/MiniNote/controllers/pages.js","s":{"1":1,"2":1,"3":1,"4":3,"5":3,"6":1,"7":2,"8":2,"9":2,"10":2,"11":1,"12":1,"13":1,"14":2,"15":2,"16":1,"17":1,"18":1,"19":1},"b":{"1":[1,2],"2":[1,1],"3":[1,0],"4":[1,0],"5":[1,0]},"f":{"1":3,"2":1,"3":2},"fnMap":{"1":{"name":"(anonymous_1)","line":13,"loc":{"start":{"line":13,"column":15},"end":{"line":13,"column":41}}},"2":{"name":"(anonymous_2)","line":24,"loc":{"start":{"line":24,"column":16},"end":{"line":24,"column":53}}},"3":{"name":"(anonymous_3)","line":29,"loc":{"start":{"line":29,"column":25},"end":{"line":29,"column":46}}}},"statementMap":{"1":{"start":{"line":10,"column":0},"end":{"line":10,"column":31}},"2":{"start":{"line":11,"column":0},"end":{"line":11,"column":42}},"3":{"start":{"line":13,"column":0},"end":{"line":40,"column":2}},"4":{"start":{"line":14,"column":2},"end":{"line":14,"column":27}},"5":{"start":{"line":15,"column":2},"end":{"line":20,"column":3}},"6":{"start":{"line":16,"column":4},"end":{"line":19,"column":7}},"7":{"start":{"line":21,"column":2},"end":{"line":21,"column":35}},"8":{"start":{"line":22,"column":2},"end":{"line":22,"column":16}},"9":{"start":{"line":23,"column":2},"end":{"line":23,"column":14}},"10":{"start":{"line":24,"column":2},"end":{"line":28,"column":4}},"11":{"start":{"line":25,"column":4},"end":{"line":25,"column":21}},"12":{"start":{"line":26,"column":4},"end":{"line":26,"column":24}},"13":{"start":{"line":27,"column":4},"end":{"line":27,"column":15}},"14":{"start":{"line":29,"column":2},"end":{"line":39,"column":5}},"15":{"start":{"line":30,"column":4},"end":{"line":32,"column":5}},"16":{"start":{"line":31,"column":6},"end":{"line":31,"column":23}},"17":{"start":{"line":33,"column":4},"end":{"line":33,"column":22}},"18":{"start":{"line":34,"column":4},"end":{"line":34,"column":50}},"19":{"start":{"line":35,"column":4},"end":{"line":38,"column":7}}},"branchMap":{"1":{"line":15,"type":"if","locations":[{"start":{"line":15,"column":2},"end":{"line":15,"column":2}},{"start":{"line":15,"column":2},"end":{"line":15,"column":2}}]},"2":{"line":30,"type":"if","locations":[{"start":{"line":30,"column":4},"end":{"line":30,"column":4}},{"start":{"line":30,"column":4},"end":{"line":30,"column":4}}]},"3":{"line":33,"type":"binary-expr","locations":[{"start":{"line":33,"column":11},"end":{"line":33,"column":15}},{"start":{"line":33,"column":19},"end":{"line":33,"column":21}}]},"4":{"line":35,"type":"binary-expr","locations":[{"start":{"line":35,"column":22},"end":{"line":35,"column":37}},{"start":{"line":35,"column":41},"end":{"line":35,"column":44}}]},"5":{"line":37,"type":"cond-expr","locations":[{"start":{"line":37,"column":41},"end":{"line":37,"column":44}},{"start":{"line":37,"column":47},"end":{"line":37,"column":49}}]}}},"/Users/rockdai/code/MiniNote/controllers/content.js":{"path":"/Users/rockdai/code/MiniNote/controllers/content.js","s":{"1":1,"2":1,"3":3,"4":3,"5":1,"6":2,"7":2,"8":1,"9":1,"10":1},"b":{"1":[1,2],"2":[1,1],"3":[1,0],"4":[1,0]},"f":{"1":3,"2":2},"fnMap":{"1":{"name":"(anonymous_1)","line":13,"loc":{"start":{"line":13,"column":17},"end":{"line":13,"column":43}}},"2":{"name":"(anonymous_2)","line":18,"loc":{"start":{"line":18,"column":26},"end":{"line":18,"column":52}}}},"statementMap":{"1":{"start":{"line":11,"column":0},"end":{"line":11,"column":42}},"2":{"start":{"line":13,"column":0},"end":{"line":25,"column":2}},"3":{"start":{"line":14,"column":2},"end":{"line":14,"column":33}},"4":{"start":{"line":15,"column":2},"end":{"line":17,"column":3}},"5":{"start":{"line":16,"column":4},"end":{"line":16,"column":33}},"6":{"start":{"line":18,"column":2},"end":{"line":24,"column":5}},"7":{"start":{"line":19,"column":4},"end":{"line":21,"column":5}},"8":{"start":{"line":20,"column":6},"end":{"line":20,"column":23}},"9":{"start":{"line":22,"column":4},"end":{"line":22,"column":22}},"10":{"start":{"line":23,"column":4},"end":{"line":23,"column":63}}},"branchMap":{"1":{"line":15,"type":"if","locations":[{"start":{"line":15,"column":2},"end":{"line":15,"column":2}},{"start":{"line":15,"column":2},"end":{"line":15,"column":2}}]},"2":{"line":19,"type":"if","locations":[{"start":{"line":19,"column":4},"end":{"line":19,"column":4}},{"start":{"line":19,"column":4},"end":{"line":19,"column":4}}]},"3":{"line":22,"type":"binary-expr","locations":[{"start":{"line":22,"column":11},"end":{"line":22,"column":15}},{"start":{"line":22,"column":19},"end":{"line":22,"column":21}}]},"4":{"line":23,"type":"binary-expr","locations":[{"start":{"line":23,"column":22},"end":{"line":23,"column":37}},{"start":{"line":23,"column":41},"end":{"line":23,"column":44}}]}}}}