TN:
SF:/Users/rockdai/code/MiniNote/proxy/content.js
FN:15,(anonymous_1)
FN:22,(anonymous_2)
FN:30,(anonymous_3)
FNF:3
FNH:3
FNDA:4,(anonymous_1)
FNDA:4,(anonymous_2)
FNDA:3,(anonymous_3)
DA:10,1
DA:11,1
DA:13,1
DA:15,1
DA:16,4
DA:17,4
DA:23,4
DA:24,1
DA:26,3
DA:30,1
DA:31,3
LF:11
LH:11
BRDA:23,1,0,1
BRDA:23,1,1,3
BRF:2
BRH:2
end_of_record
TN:
SF:/Users/rockdai/code/MiniNote/common/oss.js
FNF:0
FNH:0
DA:10,1
DA:11,1
DA:13,1
LF:3
LH:3
BRF:0
BRH:0
end_of_record
TN:
SF:/Users/rockdai/code/MiniNote/config/index.js
FNF:0
FNH:0
DA:11,1
DA:12,1
DA:13,1
DA:14,1
DA:16,1
DA:18,1
DA:20,1
DA:34,1
DA:35,1
DA:36,1
DA:39,1
DA:41,1
LF:12
LH:12
BRDA:35,1,0,1
BRDA:35,1,1,0
BRF:2
BRH:1
end_of_record
TN:
SF:/Users/rockdai/code/MiniNote/config/config.js
FNF:0
FNH:0
DA:11,1
DA:18,1
LF:2
LH:2
BRF:0
BRH:0
end_of_record
TN:
SF:/Users/rockdai/code/MiniNote/app.js
FN:54,(anonymous_1)
FN:63,(anonymous_2)
FNF:2
FNH:1
FNDA:2,(anonymous_1)
FNDA:0,(anonymous_2)
DA:10,1
DA:11,1
DA:12,1
DA:13,1
DA:14,1
DA:15,1
DA:16,1
DA:17,1
DA:18,1
DA:19,1
DA:21,1
DA:22,1
DA:24,1
DA:26,1
DA:28,1
DA:30,1
DA:31,1
DA:32,1
DA:34,1
DA:35,1
DA:36,1
DA:37,1
DA:38,1
DA:39,1
DA:41,1
DA:42,1
DA:44,1
DA:49,1
DA:54,1
DA:55,2
DA:56,2
DA:57,2
DA:63,1
DA:64,0
DA:67,1
LF:35
LH:34
BRDA:55,1,0,2
BRDA:55,1,1,2
BRF:2
BRH:2
end_of_record
TN:
SF:/Users/rockdai/code/MiniNote/routes.js
FN:13,(anonymous_1)
FNF:1
FNH:1
FNDA:1,(anonymous_1)
DA:10,1
DA:11,1
DA:13,1
DA:15,1
DA:16,1
DA:18,1
LF:6
LH:6
BRF:0
BRH:0
end_of_record
TN:
SF:/Users/rockdai/code/MiniNote/controllers/pages.js
FN:13,(anonymous_1)
FN:24,(anonymous_2)
FN:29,(anonymous_3)
FNF:3
FNH:3
FNDA:3,(anonymous_1)
FNDA:1,(anonymous_2)
FNDA:2,(anonymous_3)
DA:10,1
DA:11,1
DA:13,1
DA:14,3
DA:15,3
DA:16,1
DA:21,2
DA:22,2
DA:23,2
DA:24,2
DA:25,1
DA:26,1
DA:27,1
DA:29,2
DA:30,2
DA:31,1
DA:33,1
DA:34,1
DA:35,1
LF:19
LH:19
BRDA:15,1,0,1
BRDA:15,1,1,2
BRDA:30,2,0,1
BRDA:30,2,1,1
BRDA:33,3,0,1
BRDA:33,3,1,0
BRDA:35,4,0,1
BRDA:35,4,1,0
BRDA:37,5,0,1
BRDA:37,5,1,0
BRF:10
BRH:7
end_of_record
TN:
SF:/Users/rockdai/code/MiniNote/controllers/content.js
FN:13,(anonymous_1)
FN:18,(anonymous_2)
FNF:2
FNH:2
FNDA:3,(anonymous_1)
FNDA:2,(anonymous_2)
DA:11,1
DA:13,1
DA:14,3
DA:15,3
DA:16,1
DA:18,2
DA:19,2
DA:20,1
DA:22,1
DA:23,1
LF:10
LH:10
BRDA:15,1,0,1
BRDA:15,1,1,2
BRDA:19,2,0,1
BRDA:19,2,1,1
BRDA:22,3,0,1
BRDA:22,3,1,0
BRDA:23,4,0,1
BRDA:23,4,1,0
BRF:8
BRH:6
end_of_record
